<?xml version="1.0" encoding="UTF-8"?>
<!-- Generated by org.testng.reporters.JUnitXMLReporter -->
<testsuite hostname="ManoharPC" name="verifyapptitle" tests="1" failures="1" timestamp="13 Aug 2020 16:02:21 GMT" time="171.756" errors="0">
  <testcase name="verifyapptitle" time="26.517" classname="testcases.Magnetoapptest">
    <failure type="java.lang.AssertionError" message="expected [ecommerce site website] but found [eCommerce Platforms | Best eCommerce Software for Selling Online | Magento]">
      <![CDATA[java.lang.AssertionError: expected [ecommerce site website] but found [eCommerce Platforms | Best eCommerce Software for Selling Online | Magento]
	at testcases.Magnetoapptest.verifyapptitle(Magnetoapptest.java:40)
	at org.apache.maven.surefire.testng.TestNGExecutor.run(TestNGExecutor.java:283)
	at org.apache.maven.surefire.testng.TestNGXmlTestSuite.execute(TestNGXmlTestSuite.java:75)
	at org.apache.maven.surefire.testng.TestNGProvider.invoke(TestNGProvider.java:120)
	at org.apache.maven.surefire.booter.ForkedBooter.invokeProviderInSameClassLoader(ForkedBooter.java:386)
	at org.apache.maven.surefire.booter.ForkedBooter.runSuitesInProcess(ForkedBooter.java:323)
	at org.apache.maven.surefire.booter.ForkedBooter.main(ForkedBooter.java:143)
... Removed 26 stack frames]]>
    </failure>
  </testcase> <!-- verifyapptitle -->
</testsuite> <!-- verifyapptitle -->
