<?xml version="1.0" encoding="UTF-8"?>
<testng-results skipped="0" failed="0" total="1" passed="1">
  <reporter-output>
  </reporter-output>
  <suite name="Default suite" duration-ms="32769" started-at="2020-08-15T15:34:26Z" finished-at="2020-08-15T15:34:59Z">
    <groups>
    </groups>
    <test name="Default test" duration-ms="32769" started-at="2020-08-15T15:34:26Z" finished-at="2020-08-15T15:34:59Z">
      <class name="swaglabstestcases.SystemTesting">
        <test-method status="PASS" signature="getdriver()[pri:0, instance:swaglabstestcases.SystemTesting@27462a88]" name="getdriver" is-config="true" duration-ms="22419" started-at="2020-08-15T21:04:26Z" finished-at="2020-08-15T21:04:48Z">
          <reporter-output>
          </reporter-output>
        </test-method> <!-- getdriver -->
        <test-method status="PASS" signature="buyproductscenario()[pri:0, instance:swaglabstestcases.SystemTesting@27462a88]" name="buyproductscenario" duration-ms="9013" started-at="2020-08-15T21:04:48Z" finished-at="2020-08-15T21:04:57Z">
          <reporter-output>
          </reporter-output>
        </test-method> <!-- buyproductscenario -->
        <test-method status="PASS" signature="teardown()[pri:0, instance:swaglabstestcases.SystemTesting@27462a88]" name="teardown" is-config="true" duration-ms="1276" started-at="2020-08-15T21:04:57Z" finished-at="2020-08-15T21:04:59Z">
          <reporter-output>
          </reporter-output>
        </test-method> <!-- teardown -->
      </class> <!-- swaglabstestcases.SystemTesting -->
    </test> <!-- Default test -->
  </suite> <!-- Default suite -->
</testng-results>
